<?xml version="1.0" encoding="UTF-8"?>
<!-- Generated by org.testng.reporters.JUnitReportReporter -->
<testsuite hostname="DESKTOP-6EUP8K9" failures="0" tests="2" name="rahulshettyacademy.tests.ErrorValidations" time="15.234" errors="0" timestamp="2024-03-13T22:00:34 CET" skipped="0">
  <testcase classname="rahulshettyacademy.tests.ErrorValidations" name="ErrorValidation" time="5.559"/>
  <testcase classname="rahulshettyacademy.tests.ErrorValidations" name="ProductErrorValidation" time="9.675"/>
</testsuite> <!-- rahulshettyacademy.tests.ErrorValidations -->
