<?xml version="1.0" encoding="UTF-8"?>
<!-- Generated by org.testng.reporters.JUnitReportReporter -->
<testsuite hostname="DESKTOP-6EUP8K9" failures="0" tests="2" name="rahulshettyacademy.tests.StandOrderTest" time="21.348" errors="0" timestamp="2024-03-14T13:44:23 CET" skipped="0">
  <testcase classname="rahulshettyacademy.tests.StandOrderTest" name="submitOrder" time="9.567"/>
  <testcase classname="rahulshettyacademy.tests.StandOrderTest" name="submitOrder" time="11.781"/>
</testsuite> <!-- rahulshettyacademy.tests.StandOrderTest -->
