<?xml version="1.0" encoding="UTF-8"?>
<!-- Generated by org.testng.reporters.JUnitReportReporter -->
<testsuite hostname="DESKTOP-6EUP8K9" failures="0" tests="1" name="cucumber.TestNGTestRunner" time="12.821" errors="0" timestamp="2024-03-15T19:04:20 CET" skipped="0">
  <testcase classname="cucumber.TestNGTestRunner" name="runScenario" time="12.821"/>
</testsuite> <!-- cucumber.TestNGTestRunner -->
