<?xml version="1.0" encoding="UTF-8"?>
<!-- Generated by org.testng.reporters.JUnitReportReporter -->
<testsuite hostname="DESKTOP-6EUP8K9" failures="0" tests="5" name="rahulshettyacademy.tests.StandOrderTest" time="53.514" errors="0" timestamp="2024-03-15T19:07:20 CET" skipped="0">
  <testcase classname="rahulshettyacademy.tests.StandOrderTest" name="submitOrder" time="13.418"/>
  <testcase classname="rahulshettyacademy.tests.StandOrderTest" name="submitOrder" time="11.643"/>
  <testcase classname="rahulshettyacademy.tests.StandOrderTest" name="submitOrder" time="9.690"/>
  <testcase classname="rahulshettyacademy.tests.StandOrderTest" name="orderHistoryTest" time="7.801"/>
  <testcase classname="rahulshettyacademy.tests.StandOrderTest" name="submitOrder" time="10.962"/>
</testsuite> <!-- rahulshettyacademy.tests.StandOrderTest -->
