<?xml version="1.0" encoding="UTF-8"?>
<!-- Generated by org.testng.reporters.JUnitReportReporter -->
<testsuite hostname="DESKTOP-6EUP8K9" failures="0" tests="2" name="rahulshettyacademy.tests.ErrorValidations" time="20.138" errors="0" timestamp="2024-03-15T19:07:20 CET" skipped="0">
  <testcase classname="rahulshettyacademy.tests.ErrorValidations" name="ErrorValidation" time="10.754"/>
  <testcase classname="rahulshettyacademy.tests.ErrorValidations" name="ProductErrorValidation" time="9.384"/>
</testsuite> <!-- rahulshettyacademy.tests.ErrorValidations -->
